<?xml version="1.0" encoding="UTF-8"?>
<testsuite xmlns:xsi="http://www.w3.org/2001/XMLSchema-instance" xsi:noNamespaceSchemaLocation="https://maven.apache.org/surefire/maven-surefire-plugin/xsd/surefire-test-report.xsd" version="3.0.2" name="com.itmo.evaluationsystem.EvalutionsystemApplicationTests" time="2.885" tests="1" errors="0" skipped="0" failures="0">
  <properties>
[...]
</properties>
  <testcase name="contextLoads" classname="com.itmo.evaluationsystem.EvalutionsystemApplicationTests" time="0.501">
    <system-out><![CDATA[2025-10-30 11:51:39.364 [main] INFO  o.s.t.c.support.AnnotationConfigContextLoaderUtils - Could not detect default configuration classes for test class [com.itmo.evaluationsystem.EvalutionsystemApplicationTests]: EvalutionsystemApplicationTests does not declare any static, non-private, non-final, nested classes annotated with @Configuration.
2025-10-30 11:51:39.440 [main] INFO  o.s.b.t.context.SpringBootTestContextBootstrapper - Found @SpringBootConfiguration com.itmo.evaluationsystem.EvaluationsystemApplication for test class com.itmo.evaluationsystem.EvalutionsystemApplicationTests

  .   ____          _            __ _ _
 /\\ / ___'_ __ _ _(_)_ __  __ _ \ \ \ \
( ( )\___ | '_ | '_| | '_ \/ _` | \ \ \ \
 \\/  ___)| |_)| | | | | || (_| |  ) ) ) )
  '  |____| .__|_| |_|_| |_\__, | / / / /
 =========|_|==============|___/=/_/_/_/

 :: Spring Boot ::                (v3.5.6)

2025-10-30 11:51:39.736 [main] INFO  c.i.e.EvalutionsystemApplicationTests - Starting EvalutionsystemApplicationTests using Java 17.0.8 with PID 29664 (started by 31026 in C:\Users\31026\Desktop\javaweb\evaluation\evalutionsystem)
2025-10-30 11:51:39.737 [main] INFO  c.i.e.EvalutionsystemApplicationTests - No active profile set, falling back to 1 default profile: "default"
Logging initialized using 'class org.apache.ibatis.logging.stdout.StdOutImpl' adapter.
2025-10-30 11:51:41.518 [main] INFO  c.i.e.EvalutionsystemApplicationTests - Started EvalutionsystemApplicationTests in 1.986 seconds (process running for 2.705)
]]></system-out>
  </testcase>
</testsuite>